<?xml version="1.0" encoding="UTF-8"?>
<!-- Generated by org.testng.reporters.JUnitReportReporter -->
<testsuite skipped="0" hostname="INDHYDEWS014" name="com.automation.testcases.ResetPasswordPage" tests="1" failures="0" timestamp="19 Feb 2019 06:40:37 GMT" time="2.177" errors="0">
  <testcase name="resetPassword" time="2.177" classname="com.automation.testcases.ResetPasswordPage"/>
</testsuite> <!-- com.automation.testcases.ResetPasswordPage -->
