<?xml version="1.0" encoding="UTF-8"?>
<!-- Generated by org.testng.reporters.JUnitReportReporter -->
<testsuite skipped="0" hostname="INDHYDEWS014" name="com.automation.testcases.MinervaLoginPage" tests="1" failures="0" timestamp="19 Feb 2019 06:39:35 GMT" time="4.490" errors="0">
  <testcase name="login" time="4.490" classname="com.automation.testcases.MinervaLoginPage"/>
</testsuite> <!-- com.automation.testcases.MinervaLoginPage -->
