<?xml version="1.0" encoding="UTF-8"?>
<!-- Generated by org.testng.reporters.JUnitReportReporter -->
<testsuite skipped="0" hostname="INDHYDEWS014" name="com.automation.testcases.MinervaReMSPage" tests="1" failures="0" timestamp="21 Feb 2019 11:40:52 GMT" time="2.166" errors="0">
  <testcase name="remsPage" time="2.166" classname="com.automation.testcases.MinervaReMSPage"/>
</testsuite> <!-- com.automation.testcases.MinervaReMSPage -->
