<?xml version="1.0" encoding="UTF-8"?>
<!-- Generated by org.testng.reporters.JUnitReportReporter -->
<testsuite skipped="0" hostname="INDHYDEWS014" name="com.automation.testcases.ResetPasswordPage" tests="1" failures="0" timestamp="21 Feb 2019 11:40:52 GMT" time="1.863" errors="0">
  <testcase name="resetPassword" time="1.863" classname="com.automation.testcases.ResetPasswordPage"/>
</testsuite> <!-- com.automation.testcases.ResetPasswordPage -->
