<?xml version="1.0" encoding="UTF-8"?>
<!-- Generated by org.testng.reporters.JUnitReportReporter -->
<testsuite skipped="0" hostname="INDHYDEWS014" name="com.automation.testcases.MinervaLoginPage" tests="1" failures="0" timestamp="22 Feb 2019 08:48:12 GMT" time="8.933" errors="0">
  <testcase name="loginPage" time="8.933" classname="com.automation.testcases.MinervaLoginPage"/>
</testsuite> <!-- com.automation.testcases.MinervaLoginPage -->
