<?xml version="1.0" encoding="UTF-8"?>
<!-- Generated by org.testng.reporters.JUnitReportReporter -->
<testsuite skipped="0" hostname="INDHYDEWS014" name="com.automation.testcases.MinervaReMSPage" tests="1" failures="0" timestamp="22 Feb 2019 10:07:06 GMT" time="2.045" errors="0">
  <testcase name="remsPage" time="2.045" classname="com.automation.testcases.MinervaReMSPage"/>
</testsuite> <!-- com.automation.testcases.MinervaReMSPage -->
