<?xml version="1.0" encoding="UTF-8"?>
<!-- Generated by org.testng.reporters.JUnitReportReporter -->
<testsuite skipped="0" hostname="INDHYDEWS014" name="com.automation.testcases.ResetPasswordPage" tests="1" failures="0" timestamp="22 Feb 2019 10:07:06 GMT" time="1.826" errors="0">
  <testcase name="resetPassword" time="1.826" classname="com.automation.testcases.ResetPasswordPage"/>
</testsuite> <!-- com.automation.testcases.ResetPasswordPage -->
